<?xml version="1.0" encoding="UTF-8"?>
<!-- Generated by org.testng.reporters.JUnitReportReporter -->
<testsuite skipped="0" hostname="qapitol-ThinkPad-L470-W10DG" name="demoapp.test.Demoapptest" tests="3" failures="0" timestamp="26 Aug 2019 11:05:12 GMT" time="3.641" errors="0">
  <testcase name="testTitle" time="2.034" classname="demoapp.test.Demoapptest"/>
  <testcase name="editarticle" time="1.476" classname="demoapp.test.Demoapptest"/>
  <testcase name="editedarticle" time="0.131" classname="demoapp.test.Demoapptest"/>
</testsuite> <!-- demoapp.test.Demoapptest -->
